<?xml version="1.0" encoding="utf-8"?><testsuites name="pytest tests"><testsuite name="pytest" errors="0" failures="0" skipped="0" tests="8" time="9.229" timestamp="2026-04-23T09:25:23.494540+00:00" hostname="agent-env-ca8556e1-02ed-4fb2-98cb-0094ab0c4eee"><testcase classname="backend.tests.test_watertruth_api.TestHealth" name="test_health_live_mode" time="0.138" /><testcase classname="backend.tests.test_watertruth_api.TestAnalyze" name="test_analyze_real_water_image" time="5.825" /><testcase classname="backend.tests.test_watertruth_api.TestAnalyze" name="test_analyze_rejects_non_image" time="0.186" /><testcase classname="backend.tests.test_watertruth_api.TestAnalyze" name="test_analyze_rejects_empty_file" time="0.101" /><testcase classname="backend.tests.test_watertruth_api.TestAnalyze" name="test_analyze_rejects_corrupted_image" time="0.148" /><testcase classname="backend.tests.test_watertruth_api.TestAnalysesList" name="test_list_analyses" time="1.330" /><testcase classname="backend.tests.test_watertruth_api.TestAnalysesList" name="test_get_by_id_includes_image" time="0.735" /><testcase classname="backend.tests.test_watertruth_api.TestAnalysesList" name="test_get_invalid_id_returns_404" time="0.590" /></testsuite></testsuites>