<?xml version="1.0" encoding="utf-8"?><testsuites name="pytest tests"><testsuite name="pytest" errors="0" failures="0" skipped="0" tests="9" time="1.600" timestamp="2026-04-23T04:52:55.742037+00:00" hostname="agent-env-ca8556e1-02ed-4fb2-98cb-0094ab0c4eee"><testcase classname="backend.tests.test_watertruth_api.TestHealth" name="test_health_returns_fallback_state" time="0.186" /><testcase classname="backend.tests.test_watertruth_api.TestAnalyze" name="test_analyze_valid_jpeg_returns_strict_schema" time="0.163" /><testcase classname="backend.tests.test_watertruth_api.TestAnalyze" name="test_analyze_rejects_non_image" time="0.111" /><testcase classname="backend.tests.test_watertruth_api.TestAnalyze" name="test_analyze_rejects_empty_file" time="0.104" /><testcase classname="backend.tests.test_watertruth_api.TestAnalyze" name="test_analyze_rejects_corrupted_image" time="0.144" /><testcase classname="backend.tests.test_watertruth_api.TestAnalyze" name="test_drinkability_matches_classification" time="0.157" /><testcase classname="backend.tests.test_watertruth_api.TestAnalysesList" name="test_list_analyses_limit_5" time="0.235" /><testcase classname="backend.tests.test_watertruth_api.TestAnalysesList" name="test_get_analysis_by_id_includes_image" time="0.220" /><testcase classname="backend.tests.test_watertruth_api.TestAnalysesList" name="test_get_analysis_invalid_id_returns_404" time="0.103" /></testsuite></testsuites>